2026-03-03 20:53:21,025 | INFO | load: запуск ETL-функций
2026-03-03 20:53:21,450 | INFO | update_cities_buffer: запуск
2026-03-03 20:53:23,640 | INFO | HTTP Request: POST https://mwytwbqaafxoylxcetfu.supabase.co/rest/v1/rpc/truncate_table "HTTP/2 204 No Content"
2026-03-03 20:53:23,641 | INFO | update_cities_buffer: таблица cities_buffer очищена
2026-03-03 20:53:25,895 | INFO | fetch_cities: загружено 1125 городов с колонками: ['№', 'Герб', 'Город', 'Регион', 'Федеральный округ', 'Население', 'Основание или первое упоминание', 'Статус города[4]', 'Прежние названия']
2026-03-03 20:53:25,896 | INFO | update_cities_buffer: загружено строк: 1125
2026-03-03 20:53:27,824 | INFO | HTTP Request: POST https://mwytwbqaafxoylxcetfu.supabase.co/rest/v1/cities_buffer?columns=%22date_update%22%2C%22is_error%22%2C%22raw_json%22%2C%22region%22%2C%22city%22 "HTTP/2 201 Created"
2026-03-03 20:53:28,061 | INFO | insert_to_buffer: вставлено строк в 'cities_buffer': 1125
2026-03-03 20:53:28,061 | INFO | update_cities_buffer: завершено успешно, записей: 1125
2026-03-03 20:53:28,535 | INFO | update_cities_clean: запуск
2026-03-03 20:53:30,136 | INFO | HTTP Request: GET https://mwytwbqaafxoylxcetfu.supabase.co/rest/v1/cities_buffer?select=%2A&offset=0&limit=1000 "HTTP/2 200 OK"
2026-03-03 20:53:30,634 | INFO | HTTP Request: GET https://mwytwbqaafxoylxcetfu.supabase.co/rest/v1/cities_buffer?select=%2A&offset=1000&limit=1000 "HTTP/2 200 OK"
2026-03-03 20:53:30,675 | INFO | load_from_supabase: таблица 'cities_buffer' загружена, строк: 1125
2026-03-03 20:53:30,675 | INFO | update_cities_clean: загружено строк из buffer: 1125
2026-03-03 20:53:30,701 | INFO | load_or_create_cache: загружено 1125 городов из pkl
2026-03-03 20:53:30,707 | INFO | geocode_new_cities: новых городов для геокодинга: 0
2026-03-03 20:53:30,707 | INFO | geocode_new_cities: новых городов нет, pkl актуален
2026-03-03 20:53:30,715 | INFO | add_manual_coords: ручные координаты добавлены
2026-03-03 20:53:30,716 | INFO | update_cities_clean: кэш координат обновлён
2026-03-03 20:53:30,716 | INFO | load_regions_json: файл data/regions_all.json найден, читаем его
2026-03-03 20:53:30,720 | INFO | load_regions_json: загружено регионов 86
2026-03-03 20:53:30,721 | WARNING | add_gibdd_codes: город 'Абдулино' в регионе 'Оренбургская область' не найден
2026-03-03 20:53:30,722 | WARNING | add_gibdd_codes: город 'Азнакаево' в регионе 'Татарстан' не найден
2026-03-03 20:53:30,723 | WARNING | add_gibdd_codes: регион 'Северная Осетия' не найден
2026-03-03 20:53:30,723 | WARNING | add_gibdd_codes: регион 'Чувашия' не найден
2026-03-03 20:53:30,723 | WARNING | add_gibdd_codes: регион 'Якутия' не найден
2026-03-03 20:53:30,724 | WARNING | add_gibdd_codes: город 'Александровск-Сахалинский' в регионе 'Сахалинская область' не найден
2026-03-03 20:53:30,724 | WARNING | add_gibdd_codes: город 'Алексеевка' в регионе 'Белгородская область' не найден
2026-03-03 20:53:30,724 | WARNING | add_gibdd_codes: город 'Алзамай' в регионе 'Иркутская область' не найден
2026-03-03 20:53:30,725 | WARNING | add_gibdd_codes: город 'Алупка' в регионе 'Крым' не найден
2026-03-03 20:53:30,726 | WARNING | add_gibdd_codes: регион 'Кемеровская область' не найден
2026-03-03 20:53:30,726 | WARNING | add_gibdd_codes: город 'Анива' в регионе 'Сахалинская область' не найден
2026-03-03 20:53:30,726 | WARNING | add_gibdd_codes: город 'Апатиты' в регионе 'Мурманская область' не найден
2026-03-03 20:53:30,726 | WARNING | add_gibdd_codes: город 'Апрелевка' в регионе 'Московская область' не найден
2026-03-03 20:53:30,726 | WARNING | add_gibdd_codes: город 'Арамиль' в регионе 'Свердловская область' не найден
2026-03-03 20:53:30,726 | WARNING | add_gibdd_codes: регион 'Чечня' не найден
2026-03-03 20:53:30,726 | WARNING | add_gibdd_codes: регион 'Северная Осетия' не найден
2026-03-03 20:53:30,727 | WARNING | add_gibdd_codes: город 'Арсеньев' в регионе 'Приморский край' не найден
2026-03-03 20:53:30,729 | WARNING | add_gibdd_codes: город 'Артём' в регионе 'Приморский край' не найден
2026-03-03 20:53:30,729 | WARNING | add_gibdd_codes: город 'Артёмовск' в регионе 'Красноярский край' не найден
2026-03-03 20:53:30,729 | WARNING | add_gibdd_codes: город 'Артёмовский' в регионе 'Свердловская область' не найден
2026-03-03 20:53:30,730 | WARNING | add_gibdd_codes: город 'Асбест' в регионе 'Свердловская область' не найден
2026-03-03 20:53:30,730 | WARNING | add_gibdd_codes: город 'Асино' в регионе 'Томская область' не найден
2026-03-03 20:53:30,731 | WARNING | add_gibdd_codes: регион 'Чечня' не найден
2026-03-03 20:53:30,731 | WARNING | add_gibdd_codes: город 'Аша' в регионе 'Челябинская область' не найден
2026-03-03 20:53:30,731 | WARNING | add_gibdd_codes: город 'Бабаево' в регионе 'Вологодская область' не найден
2026-03-03 20:53:30,731 | WARNING | add_gibdd_codes: город 'Бабушкин' в регионе 'Бурятия' не найден
2026-03-03 20:53:30,731 | WARNING | add_gibdd_codes: город 'Бавлы' в регионе 'Татарстан' не найден
2026-03-03 20:53:30,732 | WARNING | add_gibdd_codes: город 'Байкальск' в регионе 'Иркутская область' не найден
2026-03-03 20:53:30,732 | WARNING | add_gibdd_codes: город 'Баймак' в регионе 'Башкортостан' не найден
2026-03-03 20:53:30,732 | WARNING | add_gibdd_codes: город 'Бакал' в регионе 'Челябинская область' не найден
2026-03-03 20:53:30,732 | WARNING | add_gibdd_codes: регион 'Кабардино-Балкария' не найден
2026-03-03 20:53:30,733 | WARNING | add_gibdd_codes: город 'Балабаново' в регионе 'Калужская область' не найден
2026-03-03 20:53:30,733 | WARNING | add_gibdd_codes: город 'Балаково' в регионе 'Саратовская область' не найден
2026-03-03 20:53:30,733 | WARNING | add_gibdd_codes: город 'Балахна' в регионе 'Нижегородская область' не найден
2026-03-03 20:53:30,734 | WARNING | add_gibdd_codes: город 'Белая Калитва' в регионе 'Ростовская область' не найден
2026-03-03 20:53:30,734 | WARNING | add_gibdd_codes: город 'Белая Холуница' в регионе 'Кировская область' не найден
2026-03-03 20:53:30,736 | WARNING | add_gibdd_codes: город 'Белебей' в регионе 'Башкортостан' не найден
2026-03-03 20:53:30,736 | WARNING | add_gibdd_codes: город 'Белёв' в регионе 'Тульская область' не найден
2026-03-03 20:53:30,736 | WARNING | add_gibdd_codes: город 'Белинский' в регионе 'Пензенская область' не найден
2026-03-03 20:53:30,736 | WARNING | add_gibdd_codes: регион 'Кемеровская область' не найден
2026-03-03 20:53:30,737 | WARNING | add_gibdd_codes: город 'Белогорск' в регионе 'Крым' не найден
2026-03-03 20:53:30,737 | WARNING | add_gibdd_codes: город 'Белоозёрский' в регионе 'Московская область' не найден
2026-03-03 20:53:30,738 | WARNING | add_gibdd_codes: город 'Белорецк' в регионе 'Башкортостан' не найден
2026-03-03 20:53:30,738 | WARNING | add_gibdd_codes: город 'Белореченск' в регионе 'Краснодарский край' не найден
2026-03-03 20:53:30,738 | WARNING | add_gibdd_codes: город 'Белоусово' в регионе 'Калужская область' не найден
2026-03-03 20:53:30,738 | WARNING | add_gibdd_codes: регион 'Ханты-Мансийский автономный округ' не найден
2026-03-03 20:53:30,738 | WARNING | add_gibdd_codes: город 'Белый' в регионе 'Тверская область' не найден
2026-03-03 20:53:30,739 | WARNING | add_gibdd_codes: город 'Березники' в регионе 'Пермский край' не найден
2026-03-03 20:53:30,739 | WARNING | add_gibdd_codes: регион 'Кемеровская область' не найден
2026-03-03 20:53:30,739 | WARNING | add_gibdd_codes: город 'Берёзовский' в регионе 'Свердловская область' не найден
2026-03-03 20:53:30,739 | WARNING | add_gibdd_codes: регион 'Северная Осетия' не найден
2026-03-03 20:53:30,740 | WARNING | add_gibdd_codes: город 'Бикин' в регионе 'Хабаровский край' не найден
2026-03-03 20:53:30,740 | WARNING | add_gibdd_codes: город 'Билибино' в регионе 'Чукотский автономный округ' не найден
2026-03-03 20:53:30,740 | WARNING | add_gibdd_codes: регион 'Еврейская автономный округ' не найден
2026-03-03 20:53:30,740 | WARNING | add_gibdd_codes: город 'Бирск' в регионе 'Башкортостан' не найден
2026-03-03 20:53:30,740 | WARNING | add_gibdd_codes: город 'Бирюсинск' в регионе 'Иркутская область' не найден
2026-03-03 20:53:30,740 | WARNING | add_gibdd_codes: город 'Бирюч' в регионе 'Белгородская область' не найден
2026-03-03 20:53:30,741 | WARNING | add_gibdd_codes: город 'Благовещенск' в регионе 'Башкортостан' не найден
2026-03-03 20:53:30,741 | WARNING | add_gibdd_codes: город 'Благодарный' в регионе 'Ставропольский край' не найден
2026-03-03 20:53:30,742 | WARNING | add_gibdd_codes: город 'Боготол' в регионе 'Красноярский край' не найден
2026-03-03 20:53:30,742 | WARNING | add_gibdd_codes: город 'Бодайбо' в регионе 'Иркутская область' не найден
2026-03-03 20:53:30,742 | WARNING | add_gibdd_codes: город 'Городовиковск' в регионе 'Калмыкия' не найден
2026-03-03 20:53:30,743 | WARNING | add_gibdd_codes: город 'Болгар' в регионе 'Татарстан' не найден
2026-03-03 20:53:30,743 | WARNING | add_gibdd_codes: город 'Бологое' в регионе 'Тверская область' не найден
2026-03-03 20:53:30,744 | WARNING | add_gibdd_codes: город 'Болотное' в регионе 'Новосибирская область' не найден
2026-03-03 20:53:30,744 | WARNING | add_gibdd_codes: город 'Болохово' в регионе 'Тульская область' не найден
2026-03-03 20:53:30,744 | WARNING | add_gibdd_codes: город 'Большой Камень' в регионе 'Приморский край' не найден
2026-03-03 20:53:30,744 | WARNING | add_gibdd_codes: город 'Борзя' в регионе 'Забайкальский край' не найден
2026-03-03 20:53:30,744 | WARNING | add_gibdd_codes: город 'Борисоглебск' в регионе 'Воронежская область' не найден
2026-03-03 20:53:30,745 | WARNING | add_gibdd_codes: город 'Боровичи' в регионе 'Новгородская область' не найден
2026-03-03 20:53:30,745 | WARNING | add_gibdd_codes: город 'Боровск' в регионе 'Калужская область' не найден
2026-03-03 20:53:30,745 | WARNING | add_gibdd_codes: город 'Бородино' в регионе 'Красноярский край' не найден
2026-03-03 20:53:30,746 | WARNING | add_gibdd_codes: город 'Бугры' в регионе 'Ленинградская область' не найден
2026-03-03 20:53:30,746 | WARNING | add_gibdd_codes: город 'Бугульма' в регионе 'Татарстан' не найден
2026-03-03 20:53:30,747 | WARNING | add_gibdd_codes: город 'Бутурлиновка' в регионе 'Воронежская область' не найден
2026-03-03 20:53:30,747 | WARNING | add_gibdd_codes: город 'Валуйки' в регионе 'Белгородская область' не найден
2026-03-03 20:53:30,749 | WARNING | add_gibdd_codes: город 'Великий Устюг' в регионе 'Вологодская область' не найден
2026-03-03 20:53:30,749 | WARNING | add_gibdd_codes: город 'Венёв' в регионе 'Тульская область' не найден
2026-03-03 20:53:30,749 | WARNING | add_gibdd_codes: город 'Верещагино' в регионе 'Пермский край' не найден
2026-03-03 20:53:30,749 | WARNING | add_gibdd_codes: город 'Верея' в регионе 'Московская область' не найден
2026-03-03 20:53:30,750 | WARNING | add_gibdd_codes: город 'Верхняя Салда' в регионе 'Свердловская область' не найден
2026-03-03 20:53:30,751 | WARNING | add_gibdd_codes: город 'Верхотурье' в регионе 'Свердловская область' не найден
2026-03-03 20:53:30,751 | WARNING | add_gibdd_codes: регион 'Якутия' не найден
2026-03-03 20:53:30,751 | WARNING | add_gibdd_codes: город 'Ветлуга' в регионе 'Нижегородская область' не найден
2026-03-03 20:53:30,751 | WARNING | add_gibdd_codes: город 'Видное' в регионе 'Московская область' не найден
2026-03-03 20:53:30,751 | WARNING | add_gibdd_codes: регион 'Якутия' не найден
2026-03-03 20:53:30,752 | WARNING | add_gibdd_codes: город 'Вихоревка' в регионе 'Иркутская область' не найден
2026-03-03 20:53:30,752 | WARNING | add_gibdd_codes: город 'Вичуга' в регионе 'Ивановская область' не найден
2026-03-03 20:53:30,752 | WARNING | add_gibdd_codes: регион 'Северная Осетия' не найден
2026-03-03 20:53:30,753 | WARNING | add_gibdd_codes: город 'Волгореченск' в регионе 'Костромская область' не найден
2026-03-03 20:53:30,754 | WARNING | add_gibdd_codes: город 'Волоколамск' в регионе 'Московская область' не найден
2026-03-03 20:53:30,754 | WARNING | add_gibdd_codes: город 'Волосово' в регионе 'Ленинградская область' не найден
2026-03-03 20:53:30,754 | WARNING | add_gibdd_codes: город 'Волчанск' в регионе 'Свердловская область' не найден
2026-03-03 20:53:30,755 | WARNING | add_gibdd_codes: город 'Ворсма' в регионе 'Нижегородская область' не найден
2026-03-03 20:53:30,755 | WARNING | add_gibdd_codes: город 'Воскресенск' в регионе 'Московская область' не найден
2026-03-03 20:53:30,755 | WARNING | add_gibdd_codes: регион 'Удмуртия' не найден
2026-03-03 20:53:30,756 | WARNING | add_gibdd_codes: город 'Вуктыл' в регионе 'Коми' не найден
2026-03-03 20:53:30,756 | WARNING | add_gibdd_codes: город 'Выкса' в регионе 'Нижегородская область' не найден
2026-03-03 20:53:30,756 | WARNING | add_gibdd_codes: город 'Высоковск' в регионе 'Московская область' не найден
2026-03-03 20:53:30,756 | WARNING | add_gibdd_codes: город 'Высоцк' в регионе 'Ленинградская область' не найден
2026-03-03 20:53:30,757 | WARNING | add_gibdd_codes: город 'Вытегра' в регионе 'Вологодская область' не найден
2026-03-03 20:53:30,757 | WARNING | add_gibdd_codes: город 'Вышний Волочёк' в регионе 'Тверская область' не найден
2026-03-03 20:53:30,757 | WARNING | add_gibdd_codes: город 'Вяземский' в регионе 'Хабаровский край' не найден
2026-03-03 20:53:30,757 | WARNING | add_gibdd_codes: город 'Вязники' в регионе 'Владимирская область' не найден
2026-03-03 20:53:30,757 | WARNING | add_gibdd_codes: город 'Вязьма' в регионе 'Смоленская область' не найден
2026-03-03 20:53:30,758 | WARNING | add_gibdd_codes: город 'Вятские Поляны' в регионе 'Кировская область' не найден
2026-03-03 20:53:30,758 | WARNING | add_gibdd_codes: город 'Гаврилов Посад' в регионе 'Ивановская область' не найден
2026-03-03 20:53:30,758 | WARNING | add_gibdd_codes: город 'Гаджиево' в регионе 'Мурманская область' не найден
2026-03-03 20:53:30,759 | WARNING | add_gibdd_codes: город 'Гатчина' в регионе 'Ленинградская область' не найден
2026-03-03 20:53:30,759 | WARNING | add_gibdd_codes: регион 'Удмуртия' не найден
2026-03-03 20:53:30,760 | WARNING | add_gibdd_codes: город 'Голицыно' в регионе 'Московская область' не найден
2026-03-03 20:53:30,760 | WARNING | add_gibdd_codes: город 'Горбатов' в регионе 'Нижегородская область' не найден
2026-03-03 20:53:30,760 | WARNING | add_gibdd_codes: город 'Горняк' в регионе 'Алтайский край' не найден
2026-03-03 20:53:30,761 | WARNING | add_gibdd_codes: город 'Городец' в регионе 'Нижегородская область' не найден
2026-03-03 20:53:30,761 | WARNING | add_gibdd_codes: город 'Городище' в регионе 'Пензенская область' не найден
2026-03-03 20:53:30,761 | WARNING | add_gibdd_codes: город 'Гороховец' в регионе 'Владимирская область' не найден
2026-03-03 20:53:30,761 | WARNING | add_gibdd_codes: город 'Горячий Ключ' в регионе 'Краснодарский край' не найден
2026-03-03 20:53:30,762 | WARNING | add_gibdd_codes: регион 'Чечня' не найден
2026-03-03 20:53:30,762 | WARNING | add_gibdd_codes: город 'Грязи' в регионе 'Липецкая область' не найден
2026-03-03 20:53:30,762 | WARNING | add_gibdd_codes: город 'Грязовец' в регионе 'Вологодская область' не найден
2026-03-03 20:53:30,762 | WARNING | add_gibdd_codes: город 'Губаха' в регионе 'Пермский край' не найден
2026-03-03 20:53:30,763 | WARNING | add_gibdd_codes: регион 'Ямало-Ненецкий автономный округ' не найден
2026-03-03 20:53:30,763 | WARNING | add_gibdd_codes: регион 'Чечня' не найден
2026-03-03 20:53:30,763 | WARNING | add_gibdd_codes: город 'Гулькевичи' в регионе 'Краснодарский край' не найден
2026-03-03 20:53:30,763 | WARNING | add_gibdd_codes: регион 'Кемеровская область' не найден
2026-03-03 20:53:30,764 | WARNING | add_gibdd_codes: город 'Гусиноозёрск' в регионе 'Бурятия' не найден
2026-03-03 20:53:30,764 | WARNING | add_gibdd_codes: город 'Давлеканово' в регионе 'Башкортостан' не найден
2026-03-03 20:53:30,764 | WARNING | add_gibdd_codes: город 'Далматово' в регионе 'Курганская область' не найден
2026-03-03 20:53:30,765 | WARNING | add_gibdd_codes: город 'Дальнегорск' в регионе 'Приморский край' не найден
2026-03-03 20:53:30,765 | WARNING | add_gibdd_codes: город 'Дедовск' в регионе 'Московская область' не найден
2026-03-03 20:53:30,766 | WARNING | add_gibdd_codes: город 'Джанкой' в регионе 'Крым' не найден
2026-03-03 20:53:30,766 | WARNING | add_gibdd_codes: город 'Дзержинск' в регионе 'Нижегородская область' не найден
2026-03-03 20:53:30,767 | WARNING | add_gibdd_codes: город 'Дивногорск' в регионе 'Красноярский край' не найден
2026-03-03 20:53:30,767 | WARNING | add_gibdd_codes: регион 'Северная Осетия' не найден
2026-03-03 20:53:30,767 | WARNING | add_gibdd_codes: город 'Димитровград' в регионе 'Ульяновская область' не найден
2026-03-03 20:53:30,768 | WARNING | add_gibdd_codes: город 'Дмитров' в регионе 'Московская область' не найден
2026-03-03 20:53:30,768 | WARNING | add_gibdd_codes: город 'Дно' в регионе 'Псковская область' не найден
2026-03-03 20:53:30,768 | WARNING | add_gibdd_codes: город 'Добрянка' в регионе 'Пермский край' не найден
2026-03-03 20:53:30,768 | WARNING | add_gibdd_codes: город 'Долинск' в регионе 'Сахалинская область' не найден
2026-03-03 20:53:30,769 | WARNING | add_gibdd_codes: город 'Дрезна' в регионе 'Московская область' не найден
2026-03-03 20:53:30,770 | WARNING | add_gibdd_codes: город 'Дубовка' в регионе 'Волгоградская область' не найден
2026-03-03 20:53:30,770 | WARNING | add_gibdd_codes: город 'Дудинка' в регионе 'Красноярский край' не найден
2026-03-03 20:53:30,770 | WARNING | add_gibdd_codes: город 'Духовщина' в регионе 'Смоленская область' не найден
2026-03-03 20:53:30,770 | WARNING | add_gibdd_codes: город 'Дюртюли' в регионе 'Башкортостан' не найден
2026-03-03 20:53:30,771 | WARNING | add_gibdd_codes: город 'Дятьково' в регионе 'Брянская область' не найден
2026-03-03 20:53:30,771 | WARNING | add_gibdd_codes: город 'Егорьевск' в регионе 'Московская область' не найден
2026-03-03 20:53:30,771 | WARNING | add_gibdd_codes: город 'Елабуга' в регионе 'Татарстан' не найден
2026-03-03 20:53:30,772 | WARNING | add_gibdd_codes: город 'Елизово' в регионе 'Камчатский край' не найден
2026-03-03 20:53:30,772 | WARNING | add_gibdd_codes: город 'Ельня' в регионе 'Смоленская область' не найден
2026-03-03 20:53:30,772 | WARNING | add_gibdd_codes: город 'Емва' в регионе 'Коми' не найден
2026-03-03 20:53:30,773 | WARNING | add_gibdd_codes: город 'Ермолино' в регионе 'Калужская область' не найден
2026-03-03 20:53:30,774 | WARNING | add_gibdd_codes: город 'Железногорск' в регионе 'Красноярский край' не найден
2026-03-03 20:53:30,774 | WARNING | add_gibdd_codes: город 'Железногорск' в регионе 'Курская область' не найден
2026-03-03 20:53:30,774 | WARNING | add_gibdd_codes: город 'Железногорск-Илимский' в регионе 'Иркутская область' не найден
2026-03-03 20:53:30,774 | WARNING | add_gibdd_codes: город 'Жердевка' в регионе 'Тамбовская область' не найден
2026-03-03 20:53:30,774 | WARNING | add_gibdd_codes: город 'Жигулёвск' в регионе 'Самарская область' не найден
2026-03-03 20:53:30,775 | WARNING | add_gibdd_codes: город 'Жиздра' в регионе 'Калужская область' не найден
2026-03-03 20:53:30,775 | WARNING | add_gibdd_codes: город 'Жирновск' в регионе 'Волгоградская область' не найден
2026-03-03 20:53:30,775 | WARNING | add_gibdd_codes: город 'Жуковка' в регионе 'Брянская область' не найден
2026-03-03 20:53:30,775 | WARNING | add_gibdd_codes: город 'Завитинск' в регионе 'Амурская область' не найден
2026-03-03 20:53:30,776 | WARNING | add_gibdd_codes: город 'Заволжье' в регионе 'Нижегородская область' не найден
2026-03-03 20:53:30,777 | WARNING | add_gibdd_codes: город 'Заозёрный' в регионе 'Красноярский край' не найден
2026-03-03 20:53:30,777 | WARNING | add_gibdd_codes: город 'Заозёрск' в регионе 'Мурманская область' не найден
2026-03-03 20:53:30,777 | WARNING | add_gibdd_codes: город 'Западная Двина' в регионе 'Тверская область' не найден
2026-03-03 20:53:30,777 | WARNING | add_gibdd_codes: город 'Заполярный' в регионе 'Мурманская область' не найден
2026-03-03 20:53:30,777 | WARNING | add_gibdd_codes: город 'Зарайск' в регионе 'Московская область' не найден
2026-03-03 20:53:30,778 | WARNING | add_gibdd_codes: город 'Звенигово' в регионе 'Марий Эл' не найден
2026-03-03 20:53:30,779 | WARNING | add_gibdd_codes: город 'Зеленогорск' в регионе 'Красноярский край' не найден
2026-03-03 20:53:30,779 | WARNING | add_gibdd_codes: город 'Игарка' в регионе 'Красноярский край' не найден
2026-03-03 20:53:30,779 | WARNING | add_gibdd_codes: город 'Зеленокумск' в регионе 'Ставропольский край' не найден
2026-03-03 20:53:30,780 | WARNING | add_gibdd_codes: город 'Зея' в регионе 'Амурская область' не найден
2026-03-03 20:53:30,780 | WARNING | add_gibdd_codes: город 'Зима' в регионе 'Иркутская область' не найден
2026-03-03 20:53:30,780 | WARNING | add_gibdd_codes: город 'Златоуст' в регионе 'Челябинская область' не найден
2026-03-03 20:53:30,780 | WARNING | add_gibdd_codes: город 'Злынка' в регионе 'Брянская область' не найден
2026-03-03 20:53:30,781 | WARNING | add_gibdd_codes: город 'Знаменск' в регионе 'Астраханская область' не найден
2026-03-03 20:53:30,781 | WARNING | add_gibdd_codes: город 'Зуевка' в регионе 'Кировская область' не найден
2026-03-03 20:53:30,781 | WARNING | add_gibdd_codes: город 'Ивангород' в регионе 'Ленинградская область' не найден
2026-03-03 20:53:30,782 | WARNING | add_gibdd_codes: город 'Ивдель' в регионе 'Свердловская область' не найден
2026-03-03 20:53:30,782 | WARNING | add_gibdd_codes: регион 'Удмуртия' не найден
2026-03-03 20:53:30,782 | WARNING | add_gibdd_codes: город 'Изобильный' в регионе 'Ставропольский край' не найден
2026-03-03 20:53:30,782 | WARNING | add_gibdd_codes: город 'Иланский' в регионе 'Красноярский край' не найден
2026-03-03 20:53:30,783 | WARNING | add_gibdd_codes: город 'Инза' в регионе 'Ульяновская область' не найден
2026-03-03 20:53:30,783 | WARNING | add_gibdd_codes: город 'Иннополис' в регионе 'Татарстан' не найден
2026-03-03 20:53:30,783 | WARNING | add_gibdd_codes: город 'Ипатово' в регионе 'Ставропольский край' не найден
2026-03-03 20:53:30,783 | WARNING | add_gibdd_codes: город 'Ирбит' в регионе 'Свердловская область' не найден
2026-03-03 20:53:30,784 | WARNING | add_gibdd_codes: город 'Истра' в регионе 'Московская область' не найден
2026-03-03 20:53:30,785 | WARNING | add_gibdd_codes: город 'Ишимбай' в регионе 'Башкортостан' не найден
2026-03-03 20:53:30,785 | WARNING | add_gibdd_codes: город 'Кадников' в регионе 'Вологодская область' не найден
2026-03-03 20:53:30,785 | WARNING | add_gibdd_codes: город 'Калач' в регионе 'Воронежская область' не найден
2026-03-03 20:53:30,785 | WARNING | add_gibdd_codes: город 'Калач-на-Дону' в регионе 'Волгоградская область' не найден
2026-03-03 20:53:30,786 | WARNING | add_gibdd_codes: регион 'Кемеровская область' не найден
2026-03-03 20:53:30,786 | WARNING | add_gibdd_codes: регион 'Удмуртия' не найден
2026-03-03 20:53:30,787 | WARNING | add_gibdd_codes: город 'Каменка' в регионе 'Пензенская область' не найден
2026-03-03 20:53:30,787 | WARNING | add_gibdd_codes: город 'Каменногорск' в регионе 'Ленинградская область' не найден
2026-03-03 20:53:30,787 | WARNING | add_gibdd_codes: город 'Каменск-Уральский' в регионе 'Свердловская область' не найден
2026-03-03 20:53:30,787 | WARNING | add_gibdd_codes: город 'Камень-на-Оби' в регионе 'Алтайский край' не найден
2026-03-03 20:53:30,788 | WARNING | add_gibdd_codes: город 'Камешково' в регионе 'Владимирская область' не найден
2026-03-03 20:53:30,788 | WARNING | add_gibdd_codes: город 'Камышин' в регионе 'Волгоградская область' не найден
2026-03-03 20:53:30,788 | WARNING | add_gibdd_codes: город 'Камышлов' в регионе 'Свердловская область' не найден
2026-03-03 20:53:30,788 | WARNING | add_gibdd_codes: регион 'Чувашия' не найден
2026-03-03 20:53:30,788 | WARNING | add_gibdd_codes: город 'Кандалакша' в регионе 'Мурманская область' не найден
2026-03-03 20:53:30,789 | WARNING | add_gibdd_codes: город 'Карабаново' в регионе 'Владимирская область' не найден
2026-03-03 20:53:30,789 | WARNING | add_gibdd_codes: регион 'Карачаево-Черкесия' не найден
2026-03-03 20:53:30,790 | WARNING | add_gibdd_codes: город 'Кимры' в регионе 'Тверская область' не найден
2026-03-03 20:53:30,791 | WARNING | add_gibdd_codes: город 'Карталы' в регионе 'Челябинская область' не найден
2026-03-03 20:53:30,791 | WARNING | add_gibdd_codes: город 'Касли' в регионе 'Челябинская область' не найден
2026-03-03 20:53:30,792 | WARNING | add_gibdd_codes: город 'Качканар' в регионе 'Свердловская область' не найден
2026-03-03 20:53:30,792 | WARNING | add_gibdd_codes: город 'Кашира' в регионе 'Московская область' не найден
2026-03-03 20:53:30,792 | WARNING | add_gibdd_codes: регион 'Кемеровская область' не найден
2026-03-03 20:53:30,792 | WARNING | add_gibdd_codes: город 'Кемь' в регионе 'Карелия' не найден
2026-03-03 20:53:30,793 | WARNING | add_gibdd_codes: город 'Кизел' в регионе 'Пермский край' не найден
2026-03-03 20:53:30,793 | WARNING | add_gibdd_codes: город 'Кингисепп' в регионе 'Ленинградская область' не найден
2026-03-03 20:53:30,794 | WARNING | add_gibdd_codes: город 'Кинешма' в регионе 'Ивановская область' не найден
2026-03-03 20:53:30,794 | WARNING | add_gibdd_codes: город 'Кириши' в регионе 'Ленинградская область' не найден
2026-03-03 20:53:30,795 | WARNING | add_gibdd_codes: город 'Кировград' в регионе 'Свердловская область' не найден
2026-03-03 20:53:30,795 | WARNING | add_gibdd_codes: город 'Кирово-Чепецк' в регионе 'Кировская область' не найден
2026-03-03 20:53:30,795 | WARNING | add_gibdd_codes: город 'Кировск' в регионе 'Мурманская область' не найден
2026-03-03 20:53:30,796 | WARNING | add_gibdd_codes: город 'Кирс' в регионе 'Кировская область' не найден
2026-03-03 20:53:30,796 | WARNING | add_gibdd_codes: регион 'Кемеровская область' не найден
2026-03-03 20:53:30,796 | WARNING | add_gibdd_codes: город 'Клин' в регионе 'Московская область' не найден
2026-03-03 20:53:30,797 | WARNING | add_gibdd_codes: город 'Клинцы' в регионе 'Брянская область' не найден
2026-03-03 20:53:30,797 | WARNING | add_gibdd_codes: город 'Княгинино' в регионе 'Нижегородская область' не найден
2026-03-03 20:53:30,797 | WARNING | add_gibdd_codes: город 'Ковылкино' в регионе 'Мордовия' не найден
2026-03-03 20:53:30,797 | WARNING | add_gibdd_codes: регион 'Ханты-Мансийский автономный округ' не найден
2026-03-03 20:53:30,798 | WARNING | add_gibdd_codes: город 'Кодинск' в регионе 'Красноярский край' не найден
2026-03-03 20:53:30,798 | WARNING | add_gibdd_codes: регион 'Чувашия' не найден
2026-03-03 20:53:30,798 | WARNING | add_gibdd_codes: город 'Козьмодемьянск' в регионе 'Марий Эл' не найден
2026-03-03 20:53:30,798 | WARNING | add_gibdd_codes: город 'Кола' в регионе 'Мурманская область' не найден
2026-03-03 20:53:30,799 | WARNING | add_gibdd_codes: город 'Колпашево' в регионе 'Томская область' не найден
2026-03-03 20:53:30,799 | WARNING | add_gibdd_codes: город 'Колтуши' в регионе 'Ленинградская область' не найден
2026-03-03 20:53:30,799 | WARNING | add_gibdd_codes: город 'Кольчугино' в регионе 'Владимирская область' не найден
2026-03-03 20:53:30,799 | WARNING | add_gibdd_codes: город 'Коммунар' в регионе 'Ленинградская область' не найден
2026-03-03 20:53:30,800 | WARNING | add_gibdd_codes: город 'Конаково' в регионе 'Тверская область' не найден
2026-03-03 20:53:30,800 | WARNING | add_gibdd_codes: город 'Кондопога' в регионе 'Карелия' не найден
2026-03-03 20:53:30,800 | WARNING | add_gibdd_codes: город 'Кондрово' в регионе 'Калужская область' не найден
2026-03-03 20:53:30,800 | WARNING | add_gibdd_codes: город 'Кораблино' в регионе 'Рязанская область' не найден
2026-03-03 20:53:30,801 | WARNING | add_gibdd_codes: город 'Коркино' в регионе 'Челябинская область' не найден
2026-03-03 20:53:30,801 | WARNING | add_gibdd_codes: город 'Короча' в регионе 'Белгородская область' не найден
2026-03-03 20:53:30,802 | WARNING | add_gibdd_codes: город 'Костерёво' в регионе 'Владимирская область' не найден
2026-03-03 20:53:30,802 | WARNING | add_gibdd_codes: город 'Костомукша' в регионе 'Карелия' не найден
2026-03-03 20:53:30,802 | WARNING | add_gibdd_codes: город 'Котельниково' в регионе 'Волгоградская область' не найден
2026-03-03 20:53:30,803 | WARNING | add_gibdd_codes: город 'Котово' в регионе 'Волгоградская область' не найден
2026-03-03 20:53:30,803 | WARNING | add_gibdd_codes: город 'Красавино' в регионе 'Вологодская область' не найден
2026-03-03 20:53:30,804 | WARNING | add_gibdd_codes: город 'Красногорск' в регионе 'Московская область' не найден
2026-03-03 20:53:30,804 | WARNING | add_gibdd_codes: город 'Краснозаводск' в регионе 'Московская область' не найден
2026-03-03 20:53:30,805 | WARNING | add_gibdd_codes: город 'Красноперекопск' в регионе 'Крым' не найден
2026-03-03 20:53:30,805 | WARNING | add_gibdd_codes: город 'Краснослободск' в регионе 'Волгоградская область' не найден
2026-03-03 20:53:30,806 | WARNING | add_gibdd_codes: город 'Красноярск' в регионе 'Красноярский край' не найден
2026-03-03 20:53:30,807 | WARNING | add_gibdd_codes: город 'Красный Кут' в регионе 'Саратовская область' не найден
2026-03-03 20:53:30,807 | WARNING | add_gibdd_codes: город 'Красный Сулин' в регионе 'Ростовская область' не найден
2026-03-03 20:53:30,807 | WARNING | add_gibdd_codes: город 'Красный Холм' в регионе 'Тверская область' не найден
2026-03-03 20:53:30,807 | WARNING | add_gibdd_codes: город 'Кремёнки' в регионе 'Калужская область' не найден
2026-03-03 20:53:30,807 | WARNING | add_gibdd_codes: город 'Кропоткин' в регионе 'Краснодарский край' не найден
2026-03-03 20:53:30,808 | WARNING | add_gibdd_codes: город 'Кстово' в регионе 'Нижегородская область' не найден
2026-03-03 20:53:30,808 | WARNING | add_gibdd_codes: город 'Кубинка' в регионе 'Московская область' не найден
2026-03-03 20:53:30,808 | WARNING | add_gibdd_codes: город 'Кувандык' в регионе 'Оренбургская область' не найден
2026-03-03 20:53:30,808 | WARNING | add_gibdd_codes: город 'Кувшиново' в регионе 'Тверская область' не найден
2026-03-03 20:53:30,808 | WARNING | add_gibdd_codes: город 'Кудрово' в регионе 'Ленинградская область' не найден
2026-03-03 20:53:30,809 | WARNING | add_gibdd_codes: город 'Кулебаки' в регионе 'Нижегородская область' не найден
2026-03-03 20:53:30,809 | WARNING | add_gibdd_codes: город 'Купино' в регионе 'Новосибирская область' не найден
2026-03-03 20:53:30,811 | WARNING | add_gibdd_codes: город 'Курлово' в регионе 'Владимирская область' не найден
2026-03-03 20:53:30,811 | WARNING | add_gibdd_codes: город 'Куровское' в регионе 'Московская область' не найден
2026-03-03 20:53:30,812 | WARNING | add_gibdd_codes: регион 'Чечня' не найден
2026-03-03 20:53:30,812 | WARNING | add_gibdd_codes: город 'Куса' в регионе 'Челябинская область' не найден
2026-03-03 20:53:30,812 | WARNING | add_gibdd_codes: город 'Кушва' в регионе 'Свердловская область' не найден
2026-03-03 20:53:30,813 | WARNING | add_gibdd_codes: город 'Кяхта' в регионе 'Бурятия' не найден
2026-03-03 20:53:30,813 | WARNING | add_gibdd_codes: регион 'Ямало-Ненецкий автономный округ' не найден
2026-03-03 20:53:30,813 | WARNING | add_gibdd_codes: город 'Лагань' в регионе 'Калмыкия' не найден
2026-03-03 20:53:30,813 | WARNING | add_gibdd_codes: город 'Ладушкин' в регионе 'Калининградская область' не найден
2026-03-03 20:53:30,814 | WARNING | add_gibdd_codes: город 'Лаишево' в регионе 'Татарстан' не найден
2026-03-03 20:53:30,814 | WARNING | add_gibdd_codes: город 'Лакинск' в регионе 'Владимирская область' не найден
2026-03-03 20:53:30,814 | WARNING | add_gibdd_codes: регион 'Ханты-Мансийский автономный округ' не найден
2026-03-03 20:53:30,814 | WARNING | add_gibdd_codes: город 'Лахденпохья' в регионе 'Карелия' не найден
2026-03-03 20:53:30,814 | WARNING | add_gibdd_codes: город 'Лебедянь' в регионе 'Липецкая область' не найден
2026-03-03 20:53:30,815 | WARNING | add_gibdd_codes: город 'Ленинск' в регионе 'Волгоградская область' не найден
2026-03-03 20:53:30,815 | WARNING | add_gibdd_codes: регион 'Кемеровская область' не найден
2026-03-03 20:53:30,815 | WARNING | add_gibdd_codes: регион 'Якутия' не найден
2026-03-03 20:53:30,815 | WARNING | add_gibdd_codes: город 'Лесозаводск' в регионе 'Приморский край' не найден
2026-03-03 20:53:30,815 | WARNING | add_gibdd_codes: город 'Лесосибирск' в регионе 'Красноярский край' не найден
2026-03-03 20:53:30,816 | WARNING | add_gibdd_codes: город 'Ливны' в регионе 'Орловская область' не найден
2026-03-03 20:53:30,816 | WARNING | add_gibdd_codes: город 'Ликино-Дулёво' в регионе 'Московская область' не найден
2026-03-03 20:53:30,816 | WARNING | add_gibdd_codes: город 'Липки' в регионе 'Тульская область' не найден
2026-03-03 20:53:30,816 | WARNING | add_gibdd_codes: город 'Лиски' в регионе 'Воронежская область' не найден
2026-03-03 20:53:30,817 | WARNING | add_gibdd_codes: город 'Лодейное Поле' в регионе 'Ленинградская область' не найден
2026-03-03 20:53:30,817 | WARNING | add_gibdd_codes: город 'Луга' в регионе 'Ленинградская область' не найден
2026-03-03 20:53:30,817 | WARNING | add_gibdd_codes: город 'Луза' в регионе 'Кировская область' не найден
2026-03-03 20:53:30,818 | WARNING | add_gibdd_codes: город 'Луховицы' в регионе 'Московская область' не найден
2026-03-03 20:53:30,818 | WARNING | add_gibdd_codes: город 'Лысково' в регионе 'Нижегородская область' не найден
2026-03-03 20:53:30,818 | WARNING | add_gibdd_codes: город 'Лысьва' в регионе 'Пермский край' не найден
2026-03-03 20:53:30,819 | WARNING | add_gibdd_codes: город 'Любань' в регионе 'Ленинградская область' не найден
2026-03-03 20:53:30,819 | WARNING | add_gibdd_codes: город 'Люберцы' в регионе 'Московская область' не найден
2026-03-03 20:53:30,819 | WARNING | add_gibdd_codes: город 'Людиново' в регионе 'Калужская область' не найден
2026-03-03 20:53:30,819 | WARNING | add_gibdd_codes: регион 'Ханты-Мансийский автономный округ' не найден
2026-03-03 20:53:30,820 | WARNING | add_gibdd_codes: регион 'Кабардино-Балкария' не найден
2026-03-03 20:53:30,820 | WARNING | add_gibdd_codes: город 'Макушино' в регионе 'Курганская область' не найден
2026-03-03 20:53:30,821 | WARNING | add_gibdd_codes: город 'Малая Вишера' в регионе 'Новгородская область' не найден
2026-03-03 20:53:30,821 | WARNING | add_gibdd_codes: город 'Малоярославец' в регионе 'Калужская область' не найден
2026-03-03 20:53:30,822 | WARNING | add_gibdd_codes: город 'Мантурово' в регионе 'Костромская область' не найден
2026-03-03 20:53:30,822 | WARNING | add_gibdd_codes: регион 'Кемеровская область' не найден
2026-03-03 20:53:30,822 | WARNING | add_gibdd_codes: регион 'Чувашия' не найден
2026-03-03 20:53:30,822 | WARNING | add_gibdd_codes: город 'Маркс' в регионе 'Саратовская область' не найден
2026-03-03 20:53:30,823 | WARNING | add_gibdd_codes: регион 'Ханты-Мансийский автономный округ' не найден
2026-03-03 20:53:30,823 | WARNING | add_gibdd_codes: город 'Медынь' в регионе 'Калужская область' не найден
2026-03-03 20:53:30,824 | WARNING | add_gibdd_codes: регион 'Кемеровская область' не найден
2026-03-03 20:53:30,824 | WARNING | add_gibdd_codes: город 'Мезень' в регионе 'Архангельская область' не найден
2026-03-03 20:53:30,824 | WARNING | add_gibdd_codes: город 'Меленки' в регионе 'Владимирская область' не найден
2026-03-03 20:53:30,824 | WARNING | add_gibdd_codes: город 'Мелеуз' в регионе 'Башкортостан' не найден
2026-03-03 20:53:30,825 | WARNING | add_gibdd_codes: город 'Микунь' в регионе 'Коми' не найден
2026-03-03 20:53:30,825 | WARNING | add_gibdd_codes: город 'Миллерово' в регионе 'Ростовская область' не найден
2026-03-03 20:53:30,825 | WARNING | add_gibdd_codes: город 'Минеральные Воды' в регионе 'Ставропольский край' не найден
2026-03-03 20:53:30,826 | WARNING | add_gibdd_codes: город 'Миньяр' в регионе 'Челябинская область' не найден
2026-03-03 20:53:30,826 | WARNING | add_gibdd_codes: регион 'Якутия' не найден
2026-03-03 20:53:30,826 | WARNING | add_gibdd_codes: город 'Мирный' в регионе 'Архангельская область' не найден
2026-03-03 20:53:30,826 | WARNING | add_gibdd_codes: город 'Михайловка' в регионе 'Волгоградская область' не найден
2026-03-03 20:53:30,827 | WARNING | add_gibdd_codes: город 'Михайловск' в регионе 'Свердловская область' не найден
2026-03-03 20:53:30,827 | WARNING | add_gibdd_codes: город 'Михайловск' в регионе 'Ставропольский край' не найден
2026-03-03 20:53:30,827 | WARNING | add_gibdd_codes: город 'Могоча' в регионе 'Забайкальский край' не найден
2026-03-03 20:53:30,827 | WARNING | add_gibdd_codes: город 'Можайск' в регионе 'Московская область' не найден
2026-03-03 20:53:30,828 | WARNING | add_gibdd_codes: регион 'Удмуртия' не найден
2026-03-03 20:53:30,828 | WARNING | add_gibdd_codes: регион 'Северная Осетия' не найден
2026-03-03 20:53:30,828 | WARNING | add_gibdd_codes: город 'Мончегорск' в регионе 'Мурманская область' не найден
2026-03-03 20:53:30,828 | WARNING | add_gibdd_codes: регион 'Москва' не найден
2026-03-03 20:53:30,829 | WARNING | add_gibdd_codes: регион 'Ямало-Ненецкий автономный округ' не найден
2026-03-03 20:53:30,829 | WARNING | add_gibdd_codes: город 'Мураши' в регионе 'Кировская область' не найден
2026-03-03 20:53:30,829 | WARNING | add_gibdd_codes: город 'Мурино' в регионе 'Ленинградская область' не найден
2026-03-03 20:53:30,829 | WARNING | add_gibdd_codes: регион 'Кемеровская область' не найден
2026-03-03 20:53:30,830 | WARNING | add_gibdd_codes: город 'Мытищи' в регионе 'Московская область' не найден
2026-03-03 20:53:30,830 | WARNING | add_gibdd_codes: город 'Навашино' в регионе 'Нижегородская область' не найден
2026-03-03 20:53:30,830 | WARNING | add_gibdd_codes: город 'Наволоки' в регионе 'Ивановская область' не найден
2026-03-03 20:53:30,831 | WARNING | add_gibdd_codes: регион 'Ямало-Ненецкий автономный округ' не найден
2026-03-03 20:53:30,831 | WARNING | add_gibdd_codes: регион 'Кабардино-Балкария' не найден
2026-03-03 20:53:30,831 | WARNING | add_gibdd_codes: город 'Наро-Фоминск' в регионе 'Московская область' не найден
2026-03-03 20:53:30,832 | WARNING | add_gibdd_codes: регион 'Кабардино-Балкария' не найден
2026-03-03 20:53:30,832 | WARNING | add_gibdd_codes: регион 'Ненецкий автономный округ' не найден
2026-03-03 20:53:30,832 | WARNING | add_gibdd_codes: регион 'Чечня' не найден
2026-03-03 20:53:30,832 | WARNING | add_gibdd_codes: город 'Находка' в регионе 'Приморский край' не найден
2026-03-03 20:53:30,833 | WARNING | add_gibdd_codes: город 'Невьянск' в регионе 'Свердловская область' не найден
2026-03-03 20:53:30,833 | WARNING | add_gibdd_codes: город 'Нелидово' в регионе 'Тверская область' не найден
2026-03-03 20:53:30,833 | WARNING | add_gibdd_codes: город 'Нерехта' в регионе 'Костромская область' не найден
2026-03-03 20:53:30,834 | WARNING | add_gibdd_codes: регион 'Якутия' не найден
2026-03-03 20:53:30,835 | WARNING | add_gibdd_codes: регион 'Ханты-Мансийский автономный округ' не найден
2026-03-03 20:53:30,835 | WARNING | add_gibdd_codes: город 'Нея' в регионе 'Костромская область' не найден
2026-03-03 20:53:30,835 | WARNING | add_gibdd_codes: регион 'Ханты-Мансийский автономный округ' не найден
2026-03-03 20:53:30,836 | WARNING | add_gibdd_codes: город 'Нижние Серги' в регионе 'Свердловская область' не найден
2026-03-03 20:53:30,836 | WARNING | add_gibdd_codes: город 'Нижний Ломов' в регионе 'Пензенская область' не найден
2026-03-03 20:53:30,836 | WARNING | add_gibdd_codes: город 'Нижний Новгород' в регионе 'Нижегородская область' не найден
2026-03-03 20:53:30,837 | WARNING | add_gibdd_codes: регион 'Чувашия' не найден
2026-03-03 20:53:30,837 | WARNING | add_gibdd_codes: город 'Николаевск' в регионе 'Волгоградская область' не найден
2026-03-03 20:53:30,838 | WARNING | add_gibdd_codes: город 'Николаевск-на-Амуре' в регионе 'Хабаровский край' не найден
2026-03-03 20:53:30,839 | WARNING | add_gibdd_codes: город 'Никольское' в регионе 'Ленинградская область' не найден
2026-03-03 20:53:30,839 | WARNING | add_gibdd_codes: город 'Новая Ладога' в регионе 'Ленинградская область' не найден
2026-03-03 20:53:30,839 | WARNING | add_gibdd_codes: город 'Новая Ляля' в регионе 'Свердловская область' не найден
2026-03-03 20:53:30,840 | WARNING | add_gibdd_codes: регион 'Кемеровская область' не найден
2026-03-03 20:53:30,840 | WARNING | add_gibdd_codes: город 'Новомичуринск' в регионе 'Рязанская область' не найден
2026-03-03 20:53:30,841 | WARNING | add_gibdd_codes: город 'Новопавловск' в регионе 'Ставропольский край' не найден
2026-03-03 20:53:30,842 | WARNING | add_gibdd_codes: город 'Новосокольники' в регионе 'Псковская область' не найден
2026-03-03 20:53:30,842 | WARNING | add_gibdd_codes: город 'Новоуральск' в регионе 'Свердловская область' не найден
2026-03-03 20:53:30,842 | WARNING | add_gibdd_codes: город 'Новохопёрск' в регионе 'Воронежская область' не найден
2026-03-03 20:53:30,843 | WARNING | add_gibdd_codes: город 'Новый Оскол' в регионе 'Белгородская область' не найден
2026-03-03 20:53:30,843 | WARNING | add_gibdd_codes: регион 'Ямало-Ненецкий автономный округ' не найден
2026-03-03 20:53:30,844 | WARNING | add_gibdd_codes: город 'Ногинск' в регионе 'Московская область' не найден
2026-03-03 20:53:30,844 | WARNING | add_gibdd_codes: город 'Норильск' в регионе 'Красноярский край' не найден
2026-03-03 20:53:30,844 | WARNING | add_gibdd_codes: регион 'Ямало-Ненецкий автономный округ' не найден
2026-03-03 20:53:30,844 | WARNING | add_gibdd_codes: город 'Нытва' в регионе 'Пермский край' не найден
2026-03-03 20:53:30,845 | WARNING | add_gibdd_codes: регион 'Якутия' не найден
2026-03-03 20:53:30,845 | WARNING | add_gibdd_codes: регион 'Ханты-Мансийский автономный округ' не найден
2026-03-03 20:53:30,845 | WARNING | add_gibdd_codes: город 'Няндома' в регионе 'Архангельская область' не найден
2026-03-03 20:53:30,845 | WARNING | add_gibdd_codes: регион 'Еврейская автономный округ' не найден
2026-03-03 20:53:30,845 | WARNING | add_gibdd_codes: город 'Обоянь' в регионе 'Курская область' не найден
2026-03-03 20:53:30,846 | WARNING | add_gibdd_codes: город 'Одинцово' в регионе 'Московская область' не найден
2026-03-03 20:53:30,846 | WARNING | add_gibdd_codes: город 'Озёрск' в регионе 'Калининградская область' не найден
2026-03-03 20:53:30,847 | WARNING | add_gibdd_codes: город 'Озёры' в регионе 'Московская область' не найден
2026-03-03 20:53:30,847 | WARNING | add_gibdd_codes: регион 'Чечня' не найден
2026-03-03 20:53:30,847 | WARNING | add_gibdd_codes: город 'Окуловка' в регионе 'Новгородская область' не найден
2026-03-03 20:53:30,847 | WARNING | add_gibdd_codes: регион 'Якутия' не найден
2026-03-03 20:53:30,848 | WARNING | add_gibdd_codes: город 'Оленегорск' в регионе 'Мурманская область' не найден
2026-03-03 20:53:30,848 | WARNING | add_gibdd_codes: город 'Олонец' в регионе 'Карелия' не найден
2026-03-03 20:53:30,849 | WARNING | add_gibdd_codes: город 'Онега' в регионе 'Архангельская область' не найден
2026-03-03 20:53:30,849 | WARNING | add_gibdd_codes: город 'Опочка' в регионе 'Псковская область' не найден
2026-03-03 20:53:30,849 | WARNING | add_gibdd_codes: город 'Орёл' в регионе 'Орловская область' не найден
2026-03-03 20:53:30,850 | WARNING | add_gibdd_codes: город 'Оса' в регионе 'Пермский край' не найден
2026-03-03 20:53:30,850 | WARNING | add_gibdd_codes: регион 'Кемеровская область' не найден
2026-03-03 20:53:30,851 | WARNING | add_gibdd_codes: город 'Отрадное' в регионе 'Ленинградская область' не найден
2026-03-03 20:53:30,851 | WARNING | add_gibdd_codes: город 'Оха' в регионе 'Сахалинская область' не найден
2026-03-03 20:53:30,851 | WARNING | add_gibdd_codes: город 'Очёр' в регионе 'Пермский край' не найден
2026-03-03 20:53:30,851 | WARNING | add_gibdd_codes: город 'Павлово' в регионе 'Нижегородская область' не найден
2026-03-03 20:53:30,852 | WARNING | add_gibdd_codes: город 'Павловский Посад' в регионе 'Московская область' не найден
2026-03-03 20:53:30,852 | WARNING | add_gibdd_codes: город 'Палласовка' в регионе 'Волгоградская область' не найден
2026-03-03 20:53:30,853 | WARNING | add_gibdd_codes: город 'Певек' в регионе 'Чукотский автономный округ' не найден
2026-03-03 20:53:30,854 | WARNING | add_gibdd_codes: город 'Пересвет' в регионе 'Московская область' не найден
2026-03-03 20:53:30,854 | WARNING | add_gibdd_codes: город 'Переславль-Залесский' в регионе 'Ярославская область' не найден
2026-03-03 20:53:30,854 | WARNING | add_gibdd_codes: город 'Пестово' в регионе 'Новгородская область' не найден
2026-03-03 20:53:30,855 | WARNING | add_gibdd_codes: город 'Петров Вал' в регионе 'Волгоградская область' не найден
2026-03-03 20:53:30,855 | WARNING | add_gibdd_codes: город 'Петровск-Забайкальский' в регионе 'Забайкальский край' не найден
2026-03-03 20:53:30,855 | WARNING | add_gibdd_codes: город 'Петухово' в регионе 'Курганская область' не найден
2026-03-03 20:53:30,856 | WARNING | add_gibdd_codes: город 'Петушки' в регионе 'Владимирская область' не найден
2026-03-03 20:53:30,856 | WARNING | add_gibdd_codes: город 'Печора' в регионе 'Коми' не найден
2026-03-03 20:53:30,856 | WARNING | add_gibdd_codes: город 'Печоры' в регионе 'Псковская область' не найден
2026-03-03 20:53:30,856 | WARNING | add_gibdd_codes: город 'Пикалёво' в регионе 'Ленинградская область' не найден
2026-03-03 20:53:30,856 | WARNING | add_gibdd_codes: город 'Питкяранта' в регионе 'Карелия' не найден
2026-03-03 20:53:30,857 | WARNING | add_gibdd_codes: город 'Пласт' в регионе 'Челябинская область' не найден
2026-03-03 20:53:30,857 | WARNING | add_gibdd_codes: город 'Плёс' в регионе 'Ивановская область' не найден
2026-03-03 20:53:30,857 | WARNING | add_gibdd_codes: город 'Поворино' в регионе 'Воронежская область' не найден
2026-03-03 20:53:30,857 | WARNING | add_gibdd_codes: город 'Подпорожье' в регионе 'Ленинградская область' не найден
2026-03-03 20:53:30,858 | WARNING | add_gibdd_codes: регион 'Ханты-Мансийский автономный округ' не найден
2026-03-03 20:53:30,858 | WARNING | add_gibdd_codes: город 'Покров' в регионе 'Владимирская область' не найден
2026-03-03 20:53:30,858 | WARNING | add_gibdd_codes: регион 'Якутия' не найден
2026-03-03 20:53:30,858 | WARNING | add_gibdd_codes: город 'Полевской' в регионе 'Свердловская область' не найден
2026-03-03 20:53:30,858 | WARNING | add_gibdd_codes: регион 'Кемеровская область' не найден
2026-03-03 20:53:30,859 | WARNING | add_gibdd_codes: город 'Полярные Зори' в регионе 'Мурманская область' не найден
2026-03-03 20:53:30,859 | WARNING | add_gibdd_codes: город 'Полярный' в регионе 'Мурманская область' не найден
2026-03-03 20:53:30,859 | WARNING | add_gibdd_codes: город 'Похвистнево' в регионе 'Самарская область' не найден
2026-03-03 20:53:30,860 | WARNING | add_gibdd_codes: город 'Починок' в регионе 'Смоленская область' не найден
2026-03-03 20:53:30,860 | WARNING | add_gibdd_codes: город 'Пошехонье' в регионе 'Ярославская область' не найден
2026-03-03 20:53:30,860 | WARNING | add_gibdd_codes: город 'Приморск' в регионе 'Калининградская область' не найден
2026-03-03 20:53:30,860 | WARNING | add_gibdd_codes: город 'Приморск' в регионе 'Ленинградская область' не найден
2026-03-03 20:53:30,861 | WARNING | add_gibdd_codes: регион 'Кемеровская область' не найден
2026-03-03 20:53:30,861 | WARNING | add_gibdd_codes: регион 'Кабардино-Балкария' не найден
2026-03-03 20:53:30,862 | WARNING | add_gibdd_codes: город 'Пугачёв' в регионе 'Саратовская область' не найден
2026-03-03 20:53:30,862 | WARNING | add_gibdd_codes: город 'Пустошка' в регионе 'Псковская область' не найден
2026-03-03 20:53:30,862 | WARNING | add_gibdd_codes: город 'Пушкино' в регионе 'Московская область' не найден
2026-03-03 20:53:30,863 | WARNING | add_gibdd_codes: город 'Пыталово' в регионе 'Псковская область' не найден
2026-03-03 20:53:30,863 | WARNING | add_gibdd_codes: регион 'Ханты-Мансийский автономный округ' не найден
2026-03-03 20:53:30,863 | WARNING | add_gibdd_codes: регион 'Ханты-Мансийский автономный округ' не найден
2026-03-03 20:53:30,864 | WARNING | add_gibdd_codes: город 'Раменское' в регионе 'Московская область' не найден
2026-03-03 20:53:30,864 | WARNING | add_gibdd_codes: город 'Рассказово' в регионе 'Тамбовская область' не найден
2026-03-03 20:53:30,864 | WARNING | add_gibdd_codes: город 'Реж' в регионе 'Свердловская область' не найден
2026-03-03 20:53:30,865 | WARNING | add_gibdd_codes: город 'Родники' в регионе 'Ивановская область' не найден
2026-03-03 20:53:30,865 | WARNING | add_gibdd_codes: город 'Россошь' в регионе 'Воронежская область' не найден
2026-03-03 20:53:30,865 | WARNING | add_gibdd_codes: город 'Ростов Великий' в регионе 'Ярославская область' не найден
2026-03-03 20:53:30,865 | WARNING | add_gibdd_codes: город 'Ртищево' в регионе 'Саратовская область' не найден
2026-03-03 20:53:30,866 | WARNING | add_gibdd_codes: город 'Рудня' в регионе 'Смоленская область' не найден
2026-03-03 20:53:30,866 | WARNING | add_gibdd_codes: город 'Руза' в регионе 'Московская область' не найден
2026-03-03 20:53:30,866 | WARNING | add_gibdd_codes: город 'Рузаевка' в регионе 'Мордовия' не найден
2026-03-03 20:53:30,867 | WARNING | add_gibdd_codes: город 'Рыбное' в регионе 'Рязанская область' не найден
2026-03-03 20:53:30,867 | WARNING | add_gibdd_codes: город 'Саки' в регионе 'Крым' не найден
2026-03-03 20:53:30,868 | WARNING | add_gibdd_codes: регион 'Кемеровская область' не найден
2026-03-03 20:53:30,868 | WARNING | add_gibdd_codes: регион 'Ямало-Ненецкий автономный округ' не найден
2026-03-03 20:53:30,868 | WARNING | add_gibdd_codes: регион 'Санкт-Петербург' не найден
2026-03-03 20:53:30,869 | WARNING | add_gibdd_codes: регион 'Удмуртия' не найден
2026-03-03 20:53:30,869 | WARNING | add_gibdd_codes: город 'Сасово' в регионе 'Рязанская область' не найден
2026-03-03 20:53:30,869 | WARNING | add_gibdd_codes: город 'Сатка' в регионе 'Челябинская область' не найден
2026-03-03 20:53:30,870 | WARNING | add_gibdd_codes: город 'Сафоново' в регионе 'Смоленская область' не найден
2026-03-03 20:53:30,870 | WARNING | add_gibdd_codes: город 'Светлоград' в регионе 'Ставропольский край' не найден
2026-03-03 20:53:30,870 | WARNING | add_gibdd_codes: город 'Светогорск' в регионе 'Ленинградская область' не найден
2026-03-03 20:53:30,871 | WARNING | add_gibdd_codes: город 'Свирск' в регионе 'Иркутская область' не найден
2026-03-03 20:53:30,871 | WARNING | add_gibdd_codes: город 'Свободный' в регионе 'Амурская область' не найден
2026-03-03 20:53:30,871 | WARNING | add_gibdd_codes: регион 'Севастополь' не найден
2026-03-03 20:53:30,872 | WARNING | add_gibdd_codes: город 'Североуральск' в регионе 'Свердловская область' не найден
2026-03-03 20:53:30,872 | WARNING | add_gibdd_codes: город 'Сегежа' в регионе 'Карелия' не найден
2026-03-03 20:53:30,873 | WARNING | add_gibdd_codes: город 'Семёнов' в регионе 'Нижегородская область' не найден
2026-03-03 20:53:30,873 | WARNING | add_gibdd_codes: город 'Семилуки' в регионе 'Воронежская область' не найден
2026-03-03 20:53:30,873 | WARNING | add_gibdd_codes: город 'Сенгилей' в регионе 'Ульяновская область' не найден
2026-03-03 20:53:30,873 | WARNING | add_gibdd_codes: город 'Серафимович' в регионе 'Волгоградская область' не найден
2026-03-03 20:53:30,874 | WARNING | add_gibdd_codes: город 'Сергач' в регионе 'Нижегородская область' не найден
2026-03-03 20:53:30,874 | WARNING | add_gibdd_codes: город 'Сергиев Посад' в регионе 'Московская область' не найден
2026-03-03 20:53:30,874 | WARNING | add_gibdd_codes: регион 'Чечня' не найден
2026-03-03 20:53:30,874 | WARNING | add_gibdd_codes: город 'Серов' в регионе 'Свердловская область' не найден
2026-03-03 20:53:30,875 | WARNING | add_gibdd_codes: город 'Сертолово' в регионе 'Ленинградская область' не найден
2026-03-03 20:53:30,875 | WARNING | add_gibdd_codes: город 'Сим' в регионе 'Челябинская область' не найден
2026-03-03 20:53:30,875 | WARNING | add_gibdd_codes: город 'Сковородино' в регионе 'Амурская область' не найден
2026-03-03 20:53:30,876 | WARNING | add_gibdd_codes: город 'Славянск-на-Кубани' в регионе 'Краснодарский край' не найден
2026-03-03 20:53:30,876 | WARNING | add_gibdd_codes: город 'Сланцы' в регионе 'Ленинградская область' не найден
2026-03-03 20:53:30,876 | WARNING | add_gibdd_codes: город 'Слободской' в регионе 'Кировская область' не найден
2026-03-03 20:53:30,877 | WARNING | add_gibdd_codes: город 'Слюдянка' в регионе 'Иркутская область' не найден
2026-03-03 20:53:30,877 | WARNING | add_gibdd_codes: город 'Снежногорск' в регионе 'Мурманская область' не найден
2026-03-03 20:53:30,877 | WARNING | add_gibdd_codes: город 'Собинка' в регионе 'Владимирская область' не найден
2026-03-03 20:53:30,878 | WARNING | add_gibdd_codes: город 'Советск' в регионе 'Тульская область' не найден
2026-03-03 20:53:30,878 | WARNING | add_gibdd_codes: город 'Советская Гавань' в регионе 'Хабаровский край' не найден
2026-03-03 20:53:30,878 | WARNING | add_gibdd_codes: регион 'Ханты-Мансийский автономный округ' не найден
2026-03-03 20:53:30,878 | WARNING | add_gibdd_codes: город 'Сокол' в регионе 'Вологодская область' не найден
2026-03-03 20:53:30,879 | WARNING | add_gibdd_codes: город 'Солнечногорск' в регионе 'Московская область' не найден
2026-03-03 20:53:30,879 | WARNING | add_gibdd_codes: город 'Соль-Илецк' в регионе 'Оренбургская область' не найден
2026-03-03 20:53:30,879 | WARNING | add_gibdd_codes: город 'Сольвычегодск' в регионе 'Архангельская область' не найден
2026-03-03 20:53:30,879 | WARNING | add_gibdd_codes: город 'Сольцы' в регионе 'Новгородская область' не найден
2026-03-03 20:53:30,880 | WARNING | add_gibdd_codes: город 'Сортавала' в регионе 'Карелия' не найден
2026-03-03 20:53:30,880 | WARNING | add_gibdd_codes: город 'Сосенский' в регионе 'Калужская область' не найден
2026-03-03 20:53:30,880 | WARNING | add_gibdd_codes: город 'Сосновка' в регионе 'Кировская область' не найден
2026-03-03 20:53:30,881 | WARNING | add_gibdd_codes: город 'Сосновый Бор' в регионе 'Ленинградская область' не найден
2026-03-03 20:53:30,881 | WARNING | add_gibdd_codes: город 'Спас-Клепики' в регионе 'Рязанская область' не найден
2026-03-03 20:53:30,881 | WARNING | add_gibdd_codes: город 'Спасск' в регионе 'Пензенская область' не найден
2026-03-03 20:53:30,882 | WARNING | add_gibdd_codes: город 'Спасск-Дальний' в регионе 'Приморский край' не найден
2026-03-03 20:53:30,882 | WARNING | add_gibdd_codes: город 'Спасск-Рязанский' в регионе 'Рязанская область' не найден
2026-03-03 20:53:30,882 | WARNING | add_gibdd_codes: регион 'Якутия' не найден
2026-03-03 20:53:30,882 | WARNING | add_gibdd_codes: город 'Старая Купавна' в регионе 'Московская область' не найден
2026-03-03 20:53:30,883 | WARNING | add_gibdd_codes: город 'Старая Русса' в регионе 'Новгородская область' не найден
2026-03-03 20:53:30,883 | WARNING | add_gibdd_codes: город 'Старица' в регионе 'Тверская область' не найден
2026-03-03 20:53:30,883 | WARNING | add_gibdd_codes: город 'Старый Крым' в регионе 'Крым' не найден
2026-03-03 20:53:30,883 | WARNING | add_gibdd_codes: город 'Старый Оскол' в регионе 'Белгородская область' не найден
2026-03-03 20:53:30,884 | WARNING | add_gibdd_codes: город 'Строитель' в регионе 'Белгородская область' не найден
2026-03-03 20:53:30,884 | WARNING | add_gibdd_codes: город 'Струнино' в регионе 'Владимирская область' не найден
2026-03-03 20:53:30,884 | WARNING | add_gibdd_codes: город 'Ступино' в регионе 'Московская область' не найден
2026-03-03 20:53:30,885 | WARNING | add_gibdd_codes: город 'Суджа' в регионе 'Курская область' не найден
2026-03-03 20:53:30,885 | WARNING | add_gibdd_codes: город 'Судогда' в регионе 'Владимирская область' не найден
2026-03-03 20:53:30,885 | WARNING | add_gibdd_codes: город 'Сунжа' в регионе 'Ингушетия' не найден
2026-03-03 20:53:30,885 | WARNING | add_gibdd_codes: город 'Суоярви' в регионе 'Карелия' не найден
2026-03-03 20:53:30,885 | WARNING | add_gibdd_codes: регион 'Ханты-Мансийский автономный округ' не найден
2026-03-03 20:53:30,885 | WARNING | add_gibdd_codes: город 'Суровикино' в регионе 'Волгоградская область' не найден
2026-03-03 20:53:30,885 | WARNING | add_gibdd_codes: город 'Сурск' в регионе 'Пензенская область' не найден
2026-03-03 20:53:30,887 | WARNING | add_gibdd_codes: город 'Сухиничи' в регионе 'Калужская область' не найден
2026-03-03 20:53:30,887 | WARNING | add_gibdd_codes: город 'Сызрань' в регионе 'Самарская область' не найден
2026-03-03 20:53:30,887 | WARNING | add_gibdd_codes: город 'Сысерть' в регионе 'Свердловская область' не найден
2026-03-03 20:53:30,888 | WARNING | add_gibdd_codes: город 'Сычёвка' в регионе 'Смоленская область' не найден
2026-03-03 20:53:30,888 | WARNING | add_gibdd_codes: город 'Сясьстрой' в регионе 'Ленинградская область' не найден
2026-03-03 20:53:30,888 | WARNING | add_gibdd_codes: город 'Тавда' в регионе 'Свердловская область' не найден
2026-03-03 20:53:30,888 | WARNING | add_gibdd_codes: регион 'Кемеровская область' не найден
2026-03-03 20:53:30,889 | WARNING | add_gibdd_codes: город 'Талдом' в регионе 'Московская область' не найден
2026-03-03 20:53:30,889 | WARNING | add_gibdd_codes: город 'Талица' в регионе 'Свердловская область' не найден
2026-03-03 20:53:30,889 | WARNING | add_gibdd_codes: город 'Тара' в регионе 'Омская область' не найден
2026-03-03 20:53:30,889 | WARNING | add_gibdd_codes: регион 'Ямало-Ненецкий автономный округ' не найден
2026-03-03 20:53:30,890 | WARNING | add_gibdd_codes: город 'Таруса' в регионе 'Калужская область' не найден
2026-03-03 20:53:30,890 | WARNING | add_gibdd_codes: регион 'Кемеровская область' не найден
2026-03-03 20:53:30,890 | WARNING | add_gibdd_codes: регион 'Карачаево-Черкесия' не найден
2026-03-03 20:53:30,890 | WARNING | add_gibdd_codes: город 'Тейково' в регионе 'Ивановская область' не найден
2026-03-03 20:53:30,891 | WARNING | add_gibdd_codes: город 'Тельмана' в регионе 'Ленинградская область' не найден
2026-03-03 20:53:30,891 | WARNING | add_gibdd_codes: регион 'Кабардино-Балкария' не найден
2026-03-03 20:53:30,891 | WARNING | add_gibdd_codes: город 'Тетюши' в регионе 'Татарстан' не найден
2026-03-03 20:53:30,891 | WARNING | add_gibdd_codes: город 'Тимашёвск' в регионе 'Краснодарский край' не найден
2026-03-03 20:53:30,891 | WARNING | add_gibdd_codes: регион 'Чувашия' не найден
2026-03-03 20:53:30,892 | WARNING | add_gibdd_codes: город 'Томари' в регионе 'Сахалинская область' не найден
2026-03-03 20:53:30,892 | WARNING | add_gibdd_codes: регион 'Якутия' не найден
2026-03-03 20:53:30,893 | WARNING | add_gibdd_codes: регион 'Кемеровская область' не найден
2026-03-03 20:53:30,893 | WARNING | add_gibdd_codes: город 'Торопец' в регионе 'Тверская область' не найден
2026-03-03 20:53:30,893 | WARNING | add_gibdd_codes: город 'Тосно' в регионе 'Ленинградская область' не найден
2026-03-03 20:53:30,893 | WARNING | add_gibdd_codes: город 'Тотьма' в регионе 'Вологодская область' не найден
2026-03-03 20:53:30,894 | WARNING | add_gibdd_codes: город 'Туапсе' в регионе 'Краснодарский край' не найден
2026-03-03 20:53:30,894 | WARNING | add_gibdd_codes: город 'Туймазы' в регионе 'Башкортостан' не найден
2026-03-03 20:53:30,895 | WARNING | add_gibdd_codes: город 'Туран' в регионе 'Тыва' не найден
2026-03-03 20:53:30,895 | WARNING | add_gibdd_codes: город 'Туринск' в регионе 'Свердловская область' не найден
2026-03-03 20:53:30,895 | WARNING | add_gibdd_codes: город 'Тында' в регионе 'Амурская область' не найден
2026-03-03 20:53:30,896 | WARNING | add_gibdd_codes: регион 'Кабардино-Балкария' не найден
2026-03-03 20:53:30,896 | WARNING | add_gibdd_codes: город 'Уварово' в регионе 'Тамбовская область' не найден
2026-03-03 20:53:30,896 | WARNING | add_gibdd_codes: регион 'Якутия' не найден
2026-03-03 20:53:30,897 | WARNING | add_gibdd_codes: город 'Удомля' в регионе 'Тверская область' не найден
2026-03-03 20:53:30,897 | WARNING | add_gibdd_codes: город 'Узловая' в регионе 'Тульская область' не найден
2026-03-03 20:53:30,897 | WARNING | add_gibdd_codes: город 'Унеча' в регионе 'Брянская область' не найден
2026-03-03 20:53:30,898 | WARNING | add_gibdd_codes: регион 'Ханты-Мансийский автономный округ' не найден
2026-03-03 20:53:30,898 | WARNING | add_gibdd_codes: город 'Урень' в регионе 'Нижегородская область' не найден
2026-03-03 20:53:30,898 | WARNING | add_gibdd_codes: регион 'Чечня' не найден
2026-03-03 20:53:30,898 | WARNING | add_gibdd_codes: город 'Урюпинск' в регионе 'Волгоградская область' не найден
2026-03-03 20:53:30,899 | WARNING | add_gibdd_codes: город 'Усмань' в регионе 'Липецкая область' не найден
2026-03-03 20:53:30,899 | WARNING | add_gibdd_codes: город 'Усолье' в регионе 'Пермский край' не найден
2026-03-03 20:53:30,899 | WARNING | add_gibdd_codes: город 'Уссурийск' в регионе 'Приморский край' не найден
2026-03-03 20:53:30,899 | WARNING | add_gibdd_codes: регион 'Карачаево-Черкесия' не найден
2026-03-03 20:53:30,900 | WARNING | add_gibdd_codes: город 'Устюжна' в регионе 'Вологодская область' не найден
2026-03-03 20:53:30,901 | WARNING | add_gibdd_codes: город 'Учалы' в регионе 'Башкортостан' не найден
2026-03-03 20:53:30,901 | WARNING | add_gibdd_codes: город 'Фокино' в регионе 'Брянская область' не найден
2026-03-03 20:53:30,902 | WARNING | add_gibdd_codes: город 'Фокино' в регионе 'Приморский край' не найден
2026-03-03 20:53:30,902 | WARNING | add_gibdd_codes: город 'Фролово' в регионе 'Волгоградская область' не найден
2026-03-03 20:53:30,902 | WARNING | add_gibdd_codes: город 'Хадыженск' в регионе 'Краснодарский край' не найден
2026-03-03 20:53:30,903 | WARNING | add_gibdd_codes: регион 'Ханты-Мансийский автономный округ' не найден
2026-03-03 20:53:30,903 | WARNING | add_gibdd_codes: город 'Харабали' в регионе 'Астраханская область' не найден
2026-03-03 20:53:30,904 | WARNING | add_gibdd_codes: город 'Хотьково' в регионе 'Московская область' не найден
2026-03-03 20:53:30,904 | WARNING | add_gibdd_codes: регион 'Чувашия' не найден
2026-03-03 20:53:30,904 | WARNING | add_gibdd_codes: город 'Циолковский' в регионе 'Амурская область' не найден
2026-03-03 20:53:30,905 | WARNING | add_gibdd_codes: город 'Чадан' в регионе 'Тыва' не найден
2026-03-03 20:53:30,905 | WARNING | add_gibdd_codes: город 'Чайковский' в регионе 'Пермский край' не найден
2026-03-03 20:53:30,905 | WARNING | add_gibdd_codes: регион 'Кабардино-Балкария' не найден
2026-03-03 20:53:30,906 | WARNING | add_gibdd_codes: город 'Чекалин' в регионе 'Тульская область' не найден
2026-03-03 20:53:30,906 | WARNING | add_gibdd_codes: город 'Чердынь' в регионе 'Пермский край' не найден
2026-03-03 20:53:30,906 | WARNING | add_gibdd_codes: город 'Черемхово' в регионе 'Иркутская область' не найден
2026-03-03 20:53:30,906 | WARNING | add_gibdd_codes: город 'Черепаново' в регионе 'Новосибирская область' не найден
2026-03-03 20:53:30,907 | WARNING | add_gibdd_codes: регион 'Карачаево-Черкесия' не найден
2026-03-03 20:53:30,907 | WARNING | add_gibdd_codes: город 'Чёрмоз' в регионе 'Пермский край' не найден
2026-03-03 20:53:30,907 | WARNING | add_gibdd_codes: город 'Черноголовка' в регионе 'Московская область' не найден
2026-03-03 20:53:30,907 | WARNING | add_gibdd_codes: город 'Чернушка' в регионе 'Пермский край' не найден
2026-03-03 20:53:30,908 | WARNING | add_gibdd_codes: город 'Чехов' в регионе 'Московская область' не найден
2026-03-03 20:53:30,908 | WARNING | add_gibdd_codes: город 'Чудово' в регионе 'Новгородская область' не найден
2026-03-03 20:53:30,909 | WARNING | add_gibdd_codes: город 'Чусовой' в регионе 'Пермский край' не найден
2026-03-03 20:53:30,909 | WARNING | add_gibdd_codes: город 'Чухлома' в регионе 'Костромская область' не найден
2026-03-03 20:53:30,909 | WARNING | add_gibdd_codes: город 'Шагонар' в регионе 'Тыва' не найден
2026-03-03 20:53:30,909 | WARNING | add_gibdd_codes: регион 'Чечня' не найден
2026-03-03 20:53:30,910 | WARNING | add_gibdd_codes: город 'Шарья' в регионе 'Костромская область' не найден
2026-03-03 20:53:30,910 | WARNING | add_gibdd_codes: город 'Шатура' в регионе 'Московская область' не найден
2026-03-03 20:53:30,910 | WARNING | add_gibdd_codes: город 'Шахунья' в регионе 'Нижегородская область' не найден
2026-03-03 20:53:30,911 | WARNING | add_gibdd_codes: город 'Шебекино' в регионе 'Белгородская область' не найден
2026-03-03 20:53:30,911 | WARNING | add_gibdd_codes: регион 'Чечня' не найден
2026-03-03 20:53:30,911 | WARNING | add_gibdd_codes: город 'Шилка' в регионе 'Забайкальский край' не найден
2026-03-03 20:53:30,911 | WARNING | add_gibdd_codes: город 'Шиханы' в регионе 'Саратовская область' не найден
2026-03-03 20:53:30,911 | WARNING | add_gibdd_codes: город 'Шлиссельбург' в регионе 'Ленинградская область' не найден
2026-03-03 20:53:30,911 | WARNING | add_gibdd_codes: регион 'Чувашия' не найден
2026-03-03 20:53:30,912 | WARNING | add_gibdd_codes: город 'Шумиха' в регионе 'Курганская область' не найден
2026-03-03 20:53:30,912 | WARNING | add_gibdd_codes: город 'Шуя' в регионе 'Ивановская область' не найден
2026-03-03 20:53:30,912 | WARNING | add_gibdd_codes: город 'Щёкино' в регионе 'Тульская область' не найден
2026-03-03 20:53:30,912 | WARNING | add_gibdd_codes: город 'Щёлкино' в регионе 'Крым' не найден
2026-03-03 20:53:30,912 | WARNING | add_gibdd_codes: город 'Щёлково' в регионе 'Московская область' не найден
2026-03-03 20:53:30,913 | WARNING | add_gibdd_codes: город 'Щигры' в регионе 'Курская область' не найден
2026-03-03 20:53:30,913 | WARNING | add_gibdd_codes: город 'Щучье' в регионе 'Курганская область' не найден
2026-03-03 20:53:30,913 | WARNING | add_gibdd_codes: город 'Электроугли' в регионе 'Московская область' не найден
2026-03-03 20:53:30,914 | WARNING | add_gibdd_codes: город 'Энгельс' в регионе 'Саратовская область' не найден
2026-03-03 20:53:30,914 | WARNING | add_gibdd_codes: регион 'Ханты-Мансийский автономный округ' не найден
2026-03-03 20:53:30,914 | WARNING | add_gibdd_codes: город 'Южа' в регионе 'Ивановская область' не найден
2026-03-03 20:53:30,915 | WARNING | add_gibdd_codes: регион 'Кемеровская область' не найден
2026-03-03 20:53:30,915 | WARNING | add_gibdd_codes: город 'Юрьев-Польский' в регионе 'Владимирская область' не найден
2026-03-03 20:53:30,915 | WARNING | add_gibdd_codes: город 'Юрьевец' в регионе 'Ивановская область' не найден
2026-03-03 20:53:30,915 | WARNING | add_gibdd_codes: город 'Юрюзань' в регионе 'Челябинская область' не найден
2026-03-03 20:53:30,916 | WARNING | add_gibdd_codes: регион 'Чувашия' не найден
2026-03-03 20:53:30,916 | WARNING | add_gibdd_codes: регион 'Якутия' не найден
2026-03-03 20:53:30,916 | WARNING | add_gibdd_codes: город 'Янаул' в регионе 'Башкортостан' не найден
2026-03-03 20:53:30,917 | WARNING | add_gibdd_codes: город 'Ярцево' в регионе 'Смоленская область' не найден
2026-03-03 20:53:30,917 | WARNING | add_gibdd_codes: город 'Ясный' в регионе 'Оренбургская область' не найден
2026-03-03 20:53:30,918 | WARNING | add_gibdd_codes: город 'Яхрома' в регионе 'Московская область' не найден
2026-03-03 20:53:30,918 | INFO | add_gibdd_codes: коды ГИБДД добавлены
2026-03-03 20:53:31,840 | INFO | HTTP Request: POST https://mwytwbqaafxoylxcetfu.supabase.co/rest/v1/cities?on_conflict=city%2Cregion&columns=%22region_id%22%2C%22district_id%22%2C%22region%22%2C%22lon%22%2C%22city%22%2C%22lat%22 "HTTP/2 200 OK"
2026-03-03 20:53:32,528 | INFO | HTTP Request: POST https://mwytwbqaafxoylxcetfu.supabase.co/rest/v1/cities?on_conflict=city%2Cregion&columns=%22region_id%22%2C%22district_id%22%2C%22region%22%2C%22lon%22%2C%22city%22%2C%22lat%22 "HTTP/2 200 OK"
2026-03-03 20:53:32,894 | INFO | HTTP Request: POST https://mwytwbqaafxoylxcetfu.supabase.co/rest/v1/cities?on_conflict=city%2Cregion&columns=%22region_id%22%2C%22district_id%22%2C%22region%22%2C%22lon%22%2C%22city%22%2C%22lat%22 "HTTP/2 200 OK"
2026-03-03 20:53:32,908 | INFO | upsert_clean: таблица 'cities' обновлена, строк: 1125
2026-03-03 20:53:32,909 | INFO | update_cities_clean: завершено успешно, записей: 1125
2026-03-03 20:53:33,686 | INFO | update_weather_buffer: запуск
2026-03-03 20:53:35,008 | INFO | HTTP Request: GET https://mwytwbqaafxoylxcetfu.supabase.co/rest/v1/cities?select=%2A&offset=0&limit=1000 "HTTP/2 200 OK"
2026-03-03 20:53:35,354 | INFO | HTTP Request: GET https://mwytwbqaafxoylxcetfu.supabase.co/rest/v1/cities?select=%2A&offset=1000&limit=1000 "HTTP/2 200 OK"
2026-03-03 20:53:35,378 | INFO | load_from_supabase: таблица 'cities' загружена, строк: 1125
2026-03-03 20:53:35,381 | INFO | update_weather_buffer: целевых городов: 2
2026-03-03 20:53:35,388 | INFO | update_weather_buffer: обработка города Волгоград (Волгоградская область)
2026-03-03 20:53:35,744 | INFO | HTTP Request: GET https://mwytwbqaafxoylxcetfu.supabase.co/rest/v1/weather_buffer?select=raw_json&city=eq.%D0%92%D0%BE%D0%BB%D0%B3%D0%BE%D0%B3%D1%80%D0%B0%D0%B4&region=eq.%D0%92%D0%BE%D0%BB%D0%B3%D0%BE%D0%B3%D1%80%D0%B0%D0%B4%D1%81%D0%BA%D0%B0%D1%8F+%D0%BE%D0%B1%D0%BB%D0%B0%D1%81%D1%82%D1%8C&order=id.desc&limit=1 "HTTP/2 200 OK"
2026-03-03 20:53:35,761 | INFO | update_weather_buffer: Волгоград, период 2026-03-03 — 2026-03-02
2026-03-03 20:53:35,766 | INFO | update_weather_buffer: Волгоград, новых данных нет
2026-03-03 20:53:35,767 | INFO | update_weather_buffer: обработка города Тюмень (Тюменская область)
2026-03-03 20:53:36,068 | INFO | HTTP Request: GET https://mwytwbqaafxoylxcetfu.supabase.co/rest/v1/weather_buffer?select=raw_json&city=eq.%D0%A2%D1%8E%D0%BC%D0%B5%D0%BD%D1%8C&region=eq.%D0%A2%D1%8E%D0%BC%D0%B5%D0%BD%D1%81%D0%BA%D0%B0%D1%8F+%D0%BE%D0%B1%D0%BB%D0%B0%D1%81%D1%82%D1%8C&order=id.desc&limit=1 "HTTP/2 200 OK"
2026-03-03 20:53:36,077 | INFO | update_weather_buffer: Тюмень, период 2026-03-03 — 2026-03-02
2026-03-03 20:53:36,081 | INFO | update_weather_buffer: Тюмень, новых данных нет
2026-03-03 20:53:36,082 | INFO | update_weather_buffer: завершено успешно
2026-03-03 20:53:36,572 | INFO | update_weather_clean: запуск
2026-03-03 20:53:37,584 | INFO | HTTP Request: GET https://mwytwbqaafxoylxcetfu.supabase.co/rest/v1/clean_progress?select=last_processed_id&table_name=eq.weather "HTTP/2 200 OK"
2026-03-03 20:53:37,867 | INFO | HTTP Request: GET https://mwytwbqaafxoylxcetfu.supabase.co/rest/v1/weather_buffer?select=%2A&id=gt.195792&order=id.asc&limit=500 "HTTP/2 200 OK"
2026-03-03 20:53:37,870 | INFO | update_weather_clean: завершено успешно, всего обработано: 0
2026-03-03 20:53:38,530 | INFO | update_crashes_buffer: запуск
2026-03-03 20:53:39,725 | INFO | HTTP Request: GET https://mwytwbqaafxoylxcetfu.supabase.co/rest/v1/cities?select=%2A&offset=0&limit=1000 "HTTP/2 200 OK"
2026-03-03 20:53:40,089 | INFO | HTTP Request: GET https://mwytwbqaafxoylxcetfu.supabase.co/rest/v1/cities?select=%2A&offset=1000&limit=1000 "HTTP/2 200 OK"
2026-03-03 20:53:40,103 | INFO | load_from_supabase: таблица 'cities' загружена, строк: 1125
2026-03-03 20:53:40,105 | INFO | update_crashes_buffer: целевых городов: 2
2026-03-03 20:53:40,106 | INFO | update_crashes_buffer: обработка города Волгоград (Волгоградская область)
2026-03-03 20:53:41,432 | INFO | HTTP Request: GET https://mwytwbqaafxoylxcetfu.supabase.co/rest/v1/crashes_buffer?select=raw_json&city=eq.%D0%92%D0%BE%D0%BB%D0%B3%D0%BE%D0%B3%D1%80%D0%B0%D0%B4&region=eq.%D0%92%D0%BE%D0%BB%D0%B3%D0%BE%D0%B3%D1%80%D0%B0%D0%B4%D1%81%D0%BA%D0%B0%D1%8F+%D0%BE%D0%B1%D0%BB%D0%B0%D1%81%D1%82%D1%8C&order=raw_json-%3E%3Eyear.desc%2Craw_json-%3E%3Emonth.desc&limit=1 "HTTP/2 200 OK"
2026-03-03 20:53:41,527 | INFO | update_crashes_buffer: Волгоград, период 2026-02-01 — 2026-02-01
2026-03-03 20:53:41,746 | ERROR | update_crashes_buffer: ошибка запроса данных: Expecting value: line 1 column 1 (char 0)
Traceback (most recent call last):
  File "C:\Users\Админ\AppData\Local\Temp\ipykernel_16992\2110355774.py", line 61, in get_dtp_cards
    return json.loads(response_data["data"]).get("tab", [])
  File "C:\Anaconda\envs\wiki_env\lib\json\__init__.py", line 346, in loads
    return _default_decoder.decode(s)
  File "C:\Anaconda\envs\wiki_env\lib\json\decoder.py", line 337, in decode
    obj, end = self.raw_decode(s, idx=_w(s, 0).end())
  File "C:\Anaconda\envs\wiki_env\lib\json\decoder.py", line 355, in raw_decode
    raise JSONDecodeError("Expecting value", s, err.value) from None
json.decoder.JSONDecodeError: Expecting value: line 1 column 1 (char 0)
2026-03-03 20:53:41,750 | INFO | update_crashes_buffer: Волгоград, нет ДТП за 2.2026
2026-03-03 20:53:41,750 | INFO | update_crashes_buffer: обработка города Тюмень (Тюменская область)
2026-03-03 20:53:42,758 | INFO | HTTP Request: GET https://mwytwbqaafxoylxcetfu.supabase.co/rest/v1/crashes_buffer?select=raw_json&city=eq.%D0%A2%D1%8E%D0%BC%D0%B5%D0%BD%D1%8C&region=eq.%D0%A2%D1%8E%D0%BC%D0%B5%D0%BD%D1%81%D0%BA%D0%B0%D1%8F+%D0%BE%D0%B1%D0%BB%D0%B0%D1%81%D1%82%D1%8C&order=raw_json-%3E%3Eyear.desc%2Craw_json-%3E%3Emonth.desc&limit=1 "HTTP/2 200 OK"
2026-03-03 20:53:42,992 | INFO | update_crashes_buffer: Тюмень, период 2026-02-01 — 2026-02-01
2026-03-03 20:53:43,034 | ERROR | update_crashes_buffer: ошибка запроса данных: Expecting value: line 1 column 1 (char 0)
Traceback (most recent call last):
  File "C:\Users\Админ\AppData\Local\Temp\ipykernel_16992\2110355774.py", line 61, in get_dtp_cards
    return json.loads(response_data["data"]).get("tab", [])
  File "C:\Anaconda\envs\wiki_env\lib\json\__init__.py", line 346, in loads
    return _default_decoder.decode(s)
  File "C:\Anaconda\envs\wiki_env\lib\json\decoder.py", line 337, in decode
    obj, end = self.raw_decode(s, idx=_w(s, 0).end())
  File "C:\Anaconda\envs\wiki_env\lib\json\decoder.py", line 355, in raw_decode
    raise JSONDecodeError("Expecting value", s, err.value) from None
json.decoder.JSONDecodeError: Expecting value: line 1 column 1 (char 0)
2026-03-03 20:53:43,035 | INFO | update_crashes_buffer: Тюмень, нет ДТП за 2.2026
2026-03-03 20:53:43,035 | INFO | update_crashes_buffer: завершено успешно
2026-03-03 20:53:43,522 | INFO | update_crashes_clean: запуск
2026-03-03 20:53:44,660 | INFO | HTTP Request: GET https://mwytwbqaafxoylxcetfu.supabase.co/rest/v1/clean_progress?select=last_processed_id&table_name=eq.crashes "HTTP/2 200 OK"
2026-03-03 20:53:44,936 | INFO | HTTP Request: GET https://mwytwbqaafxoylxcetfu.supabase.co/rest/v1/crashes_buffer?select=%2A&id=gt.266&order=id.asc&limit=50 "HTTP/2 200 OK"
2026-03-03 20:53:44,939 | INFO | update_crashes_clean: завершено успешно, всего обработано: 0
